android/build/intermediates/manifest_merge_blame_file/debug/manifest-merger-blame-debug-report.txt
1<?xml version="1.0" encoding="utf-8"?>
2<manifest xmlns:android="http://schemas.android.com/apk/res/android"
3    package="tools.bink.p2pcounter" >
4
5    <uses-sdk android:minSdkVersion="22" />
6
7    <uses-permission android:name="android.permission.NFC" />
7-->src/main/AndroidManifest.xml:3:5-62
7-->src/main/AndroidManifest.xml:3:22-59
8
9    <uses-feature
9-->src/main/AndroidManifest.xml:4:5-81
10        android:name="android.hardware.nfc"
10-->src/main/AndroidManifest.xml:4:19-54
11        android:required="true" />
11-->src/main/AndroidManifest.xml:4:55-78
12    <uses-feature
12-->src/main/AndroidManifest.xml:5:5-85
13        android:name="android.hardware.nfc.hce"
13-->src/main/AndroidManifest.xml:5:19-58
14        android:required="true" />
14-->src/main/AndroidManifest.xml:5:59-82
15
16    <application>
16-->src/main/AndroidManifest.xml:7:5-18:19
17        <service
17-->src/main/AndroidManifest.xml:8:9-17:19
18            android:name="tools.bink.p2pcounter.P2PCounterHCEService"
18-->src/main/AndroidManifest.xml:8:18-54
19            android:exported="true"
19-->src/main/AndroidManifest.xml:9:13-36
20            android:permission="android.permission.BIND_NFC_SERVICE" >
20-->src/main/AndroidManifest.xml:10:13-69
21            <intent-filter>
21-->src/main/AndroidManifest.xml:11:13-13:29
22                <action android:name="android.nfc.cardemulation.action.HOST_APDU_SERVICE" />
22-->src/main/AndroidManifest.xml:12:17-92
22-->src/main/AndroidManifest.xml:12:25-90
23            </intent-filter>
24
25            <meta-data
25-->src/main/AndroidManifest.xml:14:13-16:55
26                android:name="android.nfc.cardemulation.host_apdu_service"
26-->src/main/AndroidManifest.xml:15:17-75
27                android:resource="@xml/apdu_service" />
27-->src/main/AndroidManifest.xml:16:17-53
28        </service>
29    </application>
30
31</manifest>